0 verbose cli C:\Program Files\nodejs\node.exe C:\Program Files\nodejs\node_modules\npm\bin\npm-cli.js
1 info using npm@9.5.1
2 info using node@v18.16.0
3 timing npm:load:whichnode Completed in 1ms
4 timing config:load:defaults Completed in 1ms
5 timing config:load:file:C:\Program Files\nodejs\node_modules\npm\npmrc Completed in 3ms
6 timing config:load:builtin Completed in 3ms
7 timing config:load:cli Completed in 3ms
8 timing config:load:env Completed in 1ms
9 timing config:load:file:C:\Users\ruiyo\AppData\Local\Microsoft\TypeScript\5.1\.npmrc Completed in 0ms
10 timing config:load:project Completed in 3ms
11 timing config:load:file:C:\Users\ruiyo\.npmrc Completed in 1ms
12 timing config:load:user Completed in 1ms
13 timing config:load:file:C:\Users\ruiyo\AppData\Roaming\npm\etc\npmrc Completed in 0ms
14 timing config:load:global Completed in 0ms
15 timing config:load:setEnvs Completed in 1ms
16 timing config:load Completed in 14ms
17 timing npm:load:configload Completed in 15ms
18 timing npm:load:mkdirpcache Completed in 0ms
19 timing npm:load:mkdirplogs Completed in 0ms
20 verbose title npm install types-registry@latest
21 verbose argv "install" "--ignore-scripts" "types-registry@latest"
22 timing npm:load:setTitle Completed in 2ms
23 timing config:load:flatten Completed in 2ms
24 timing npm:load:display Completed in 3ms
25 verbose logfile logs-max:10 dir:C:\pj\todolist-react-portfolio\false\_logs\2023-06-14T13_12_32_449Z-
26 verbose logfile C:\pj\todolist-react-portfolio\false\_logs\2023-06-14T13_12_32_449Z-debug-0.log
27 timing npm:load:logFile Completed in 6ms
28 timing npm:load:timers Completed in 0ms
29 timing npm:load:configScope Completed in 0ms
30 timing npm:load Completed in 28ms
31 timing arborist:ctor Completed in 1ms
32 silly logfile start cleaning logs, removing 2 files
33 silly logfile done cleaning log files
34 timing idealTree:init Completed in 637ms
35 timing arborist:ctor Completed in 0ms
36 http fetch GET 200 https://registry.npmjs.org/types-registry 580ms (cache revalidated)
37 timing idealTree:userRequests Completed in 616ms
38 silly idealTree buildDeps
39 silly fetch manifest types-registry@0.1.648
40 silly placeDep ROOT types-registry@0.1.648 REPLACE for:  want: 0.1.648
41 timing idealTree:#root Completed in 13ms
42 timing idealTree:node_modules/types-registry Completed in 0ms
43 timing idealTree:buildDeps Completed in 14ms
44 timing idealTree:fixDepFlags Completed in 8ms
45 timing idealTree Completed in 1282ms
46 timing reify:loadTrees Completed in 1282ms
47 timing reify:diffTrees Completed in 17ms
48 silly reify moves {}
49 timing reify:retireShallow Completed in 1ms
50 timing reify:createSparse Completed in 1ms
51 timing reify:loadBundles Completed in 0ms
52 silly audit bulk request {
52 silly audit   '@ampproject/remapping': [ '2.2.1' ],
52 silly audit   '@babel/code-frame': [ '7.22.5' ],
52 silly audit   '@babel/compat-data': [ '7.22.5' ],
52 silly audit   '@babel/core': [ '7.22.5' ],
52 silly audit   '@babel/generator': [ '7.22.5' ],
52 silly audit   '@babel/helper-annotate-as-pure': [ '7.22.5' ],
52 silly audit   '@babel/helper-builder-binary-assignment-operator-visitor': [ '7.22.5' ],
52 silly audit   '@babel/helper-compilation-targets': [ '7.22.5' ],
52 silly audit   '@babel/helper-create-class-features-plugin': [ '7.22.5' ],
52 silly audit   '@babel/helper-create-regexp-features-plugin': [ '7.22.5' ],
52 silly audit   '@babel/helper-define-polyfill-provider': [ '0.4.0' ],
52 silly audit   '@babel/helper-environment-visitor': [ '7.22.5' ],
52 silly audit   '@babel/helper-function-name': [ '7.22.5' ],
52 silly audit   '@babel/helper-hoist-variables': [ '7.22.5' ],
52 silly audit   '@babel/helper-member-expression-to-functions': [ '7.22.5' ],
52 silly audit   '@babel/helper-module-imports': [ '7.22.5' ],
52 silly audit   '@babel/helper-module-transforms': [ '7.22.5' ],
52 silly audit   '@babel/helper-optimise-call-expression': [ '7.22.5' ],
52 silly audit   '@babel/helper-plugin-utils': [ '7.22.5' ],
52 silly audit   '@babel/helper-remap-async-to-generator': [ '7.22.5' ],
52 silly audit   '@babel/helper-replace-supers': [ '7.22.5' ],
52 silly audit   '@babel/helper-simple-access': [ '7.22.5' ],
52 silly audit   '@babel/helper-skip-transparent-expression-wrappers': [ '7.22.5' ],
52 silly audit   '@babel/helper-split-export-declaration': [ '7.22.5' ],
52 silly audit   '@babel/helper-string-parser': [ '7.22.5' ],
52 silly audit   '@babel/helper-validator-identifier': [ '7.22.5' ],
52 silly audit   '@babel/helper-validator-option': [ '7.22.5' ],
52 silly audit   '@babel/helper-wrap-function': [ '7.22.5' ],
52 silly audit   '@babel/helpers': [ '7.22.5' ],
52 silly audit   '@babel/highlight': [ '7.22.5' ],
52 silly audit   'ansi-styles': [ '3.2.1', '4.3.0', '5.2.0' ],
52 silly audit   chalk: [ '2.4.2', '4.1.2' ],
52 silly audit   'color-convert': [ '1.9.3', '2.0.1' ],
52 silly audit   'color-name': [ '1.1.3', '1.1.4' ],
52 silly audit   'escape-string-regexp': [ '1.0.5', '2.0.0' ],
52 silly audit   'has-flag': [ '3.0.0', '4.0.0' ],
52 silly audit   'supports-color': [ '5.5.0', '8.1.1', '7.2.0' ],
52 silly audit   '@babel/parser': [ '7.22.5' ],
52 silly audit   '@babel/plugin-bugfix-safari-id-destructuring-collision-in-function-expression': [ '7.22.5' ],
52 silly audit   '@babel/plugin-bugfix-v8-spread-parameters-in-optional-chaining': [ '7.22.5' ],
52 silly audit   '@babel/plugin-proposal-private-property-in-object': [ '7.21.0-placeholder-for-preset-env.2' ],
52 silly audit   '@babel/plugin-proposal-unicode-property-regex': [ '7.18.6' ],
52 silly audit   '@babel/plugin-syntax-async-generators': [ '7.8.4' ],
52 silly audit   '@babel/plugin-syntax-class-properties': [ '7.12.13' ],
52 silly audit   '@babel/plugin-syntax-class-static-block': [ '7.14.5' ],
52 silly audit   '@babel/plugin-syntax-dynamic-import': [ '7.8.3' ],
52 silly audit   '@babel/plugin-syntax-export-namespace-from': [ '7.8.3' ],
52 silly audit   '@babel/plugin-syntax-import-assertions': [ '7.22.5' ],
52 silly audit   '@babel/plugin-syntax-import-attributes': [ '7.22.5' ],
52 silly audit   '@babel/plugin-syntax-import-meta': [ '7.10.4' ],
52 silly audit   '@babel/plugin-syntax-json-strings': [ '7.8.3' ],
52 silly audit   '@babel/plugin-syntax-logical-assignment-operators': [ '7.10.4' ],
52 silly audit   '@babel/plugin-syntax-nullish-coalescing-operator': [ '7.8.3' ],
52 silly audit   '@babel/plugin-syntax-numeric-separator': [ '7.10.4' ],
52 silly audit   '@babel/plugin-syntax-object-rest-spread': [ '7.8.3' ],
52 silly audit   '@babel/plugin-syntax-optional-catch-binding': [ '7.8.3' ],
52 silly audit   '@babel/plugin-syntax-optional-chaining': [ '7.8.3' ],
52 silly audit   '@babel/plugin-syntax-private-property-in-object': [ '7.14.5' ],
52 silly audit   '@babel/plugin-syntax-top-level-await': [ '7.14.5' ],
52 silly audit   '@babel/plugin-syntax-unicode-sets-regex': [ '7.18.6' ],
52 silly audit   '@babel/plugin-transform-arrow-functions': [ '7.22.5' ],
52 silly audit   '@babel/plugin-transform-async-generator-functions': [ '7.22.5' ],
52 silly audit   '@babel/plugin-transform-async-to-generator': [ '7.22.5' ],
52 silly audit   '@babel/plugin-transform-block-scoped-functions': [ '7.22.5' ],
52 silly audit   '@babel/plugin-transform-block-scoping': [ '7.22.5' ],
52 silly audit   '@babel/plugin-transform-class-properties': [ '7.22.5' ],
52 silly audit   '@babel/plugin-transform-class-static-block': [ '7.22.5' ],
52 silly audit   '@babel/plugin-transform-classes': [ '7.22.5' ],
52 silly audit   '@babel/plugin-transform-computed-properties': [ '7.22.5' ],
52 silly audit   '@babel/plugin-transform-destructuring': [ '7.22.5' ],
52 silly audit   '@babel/plugin-transform-dotall-regex': [ '7.22.5' ],
52 silly audit   '@babel/plugin-transform-duplicate-keys': [ '7.22.5' ],
52 silly audit   '@babel/plugin-transform-dynamic-import': [ '7.22.5' ],
52 silly audit   '@babel/plugin-transform-exponentiation-operator': [ '7.22.5' ],
52 silly audit   '@babel/plugin-transform-export-namespace-from': [ '7.22.5' ],
52 silly audit   '@babel/plugin-transform-for-of': [ '7.22.5' ],
52 silly audit   '@babel/plugin-transform-function-name': [ '7.22.5' ],
52 silly audit   '@babel/plugin-transform-json-strings': [ '7.22.5' ],
52 silly audit   '@babel/plugin-transform-literals': [ '7.22.5' ],
52 silly audit   '@babel/plugin-transform-logical-assignment-operators': [ '7.22.5' ],
52 silly audit   '@babel/plugin-transform-member-expression-literals': [ '7.22.5' ],
52 silly audit   '@babel/plugin-transform-modules-amd': [ '7.22.5' ],
52 silly audit   '@babel/plugin-transform-modules-commonjs': [ '7.22.5' ],
52 silly audit   '@babel/plugin-transform-modules-systemjs': [ '7.22.5' ],
52 silly audit   '@babel/plugin-transform-modules-umd': [ '7.22.5' ],
52 silly audit   '@babel/plugin-transform-named-capturing-groups-regex': [ '7.22.5' ],
52 silly audit   '@babel/plugin-transform-new-target': [ '7.22.5' ],
52 silly audit   '@babel/plugin-transform-nullish-coalescing-operator': [ '7.22.5' ],
52 silly audit   '@babel/plugin-transform-numeric-separator': [ '7.22.5' ],
52 silly audit   '@babel/plugin-transform-object-rest-spread': [ '7.22.5' ],
52 silly audit   '@babel/plugin-transform-object-super': [ '7.22.5' ],
52 silly audit   '@babel/plugin-transform-optional-catch-binding': [ '7.22.5' ],
52 silly audit   '@babel/plugin-transform-optional-chaining': [ '7.22.5' ],
52 silly audit   '@babel/plugin-transform-parameters': [ '7.22.5' ],
52 silly audit   '@babel/plugin-transform-private-methods': [ '7.22.5' ],
52 silly audit   '@babel/plugin-transform-private-property-in-object': [ '7.22.5' ],
52 silly audit   '@babel/plugin-transform-property-literals': [ '7.22.5' ],
52 silly audit   '@babel/plugin-transform-regenerator': [ '7.22.5' ],
52 silly audit   '@babel/plugin-transform-reserved-words': [ '7.22.5' ],
52 silly audit   '@babel/plugin-transform-shorthand-properties': [ '7.22.5' ],
52 silly audit   '@babel/plugin-transform-spread': [ '7.22.5' ],
52 silly audit   '@babel/plugin-transform-sticky-regex': [ '7.22.5' ],
52 silly audit   '@babel/plugin-transform-template-literals': [ '7.22.5' ],
52 silly audit   '@babel/plugin-transform-typeof-symbol': [ '7.22.5' ],
52 silly audit   '@babel/plugin-transform-unicode-escapes': [ '7.22.5' ],
52 silly audit   '@babel/plugin-transform-unicode-property-regex': [ '7.22.5' ],
52 silly audit   '@babel/plugin-transform-unicode-regex': [ '7.22.5' ],
52 silly audit   '@babel/plugin-transform-unicode-sets-regex': [ '7.22.5' ],
52 silly audit   '@babel/preset-env': [ '7.22.5' ],
52 silly audit   '@babel/preset-modules': [ '0.1.5' ],
52 silly audit   '@babel/regjsgen': [ '0.8.0' ],
52 silly audit   '@babel/runtime': [ '7.22.5' ],
52 silly audit   '@babel/template': [ '7.22.5' ],
52 silly audit   '@babel/traverse': [ '7.22.5' ],
52 silly audit   '@babel/types': [ '7.22.5' ],
52 silly audit   '@jest/expect-utils': [ '29.5.0' ],
52 silly audit   '@jest/schemas': [ '29.4.3' ],
52 silly audit   '@jest/types': [ '29.5.0' ],
52 silly audit   '@jridgewell/gen-mapping': [ '0.3.3' ],
52 silly audit   '@jridgewell/resolve-uri': [ '3.1.0' ],
52 silly audit   '@jridgewell/set-array': [ '1.1.2' ],
52 silly audit   '@jridgewell/source-map': [ '0.3.3' ],
52 silly audit   '@jridgewell/sourcemap-codec': [ '1.4.14' ],
52 silly audit   '@jridgewell/trace-mapping': [ '0.3.18' ],
52 silly audit   '@rollup/plugin-babel': [ '5.3.1' ],
52 silly audit   '@rollup/plugin-node-resolve': [ '11.2.1' ],
52 silly audit   '@types/resolve': [ '1.17.1', '1.20.2' ],
52 silly audit   '@rollup/plugin-replace': [ '2.4.2' ],
52 silly audit   '@rollup/pluginutils': [ '3.1.0' ],
52 silly audit   '@types/estree': [ '0.0.39', '1.0.1' ],
52 silly audit   '@sinclair/typebox': [ '0.25.24' ],
52 silly audit   '@surma/rollup-plugin-off-main-thread': [ '2.2.3' ],
52 silly audit   '@types/accepts': [ '1.3.5' ],
52 silly audit   '@types/argparse': [ '2.0.10' ],
52 silly audit   '@types/aria-query': [ '5.0.1' ],
52 silly audit   '@types/arr-diff': [ '4.0.1' ],
52 silly audit   '@types/arr-union': [ '3.1.0' ],
52 silly audit   '@types/array-equal': [ '1.0.0' ],
52 silly audit   '@types/array-unique': [ '0.3.0' ],
52 silly audit   '@types/asap': [ '2.0.0' ],
52 silly audit   '@types/asn1': [ '0.2.0' ],
52 silly audit   '@types/assert': [ '1.5.6' ],
52 silly audit   '@types/assert-plus': [ '1.0.5' ],
52 silly audit   '@types/async': [ '3.2.20' ],
52 silly audit   '@types/atob': [ '2.1.2' ],
52 silly audit   '@types/aws4': [ '1.11.2' ],
52 silly audit   '@types/babel__code-frame': [ '7.0.3' ],
52 silly audit   '@types/babel__core': [ '7.20.1' ],
52 silly audit   '@types/babel__generator': [ '7.6.4' ],
52 silly audit   '@types/babel__helper-module-imports': [ '7.18.0' ],
52 silly audit   '@types/babel__helper-plugin-utils': [ '7.10.0' ],
52 silly audit   '@types/babel__helper-validator-identifier': [ '7.15.0' ],
52 silly audit   '@types/babel__plugin-transform-runtime': [ '7.9.2' ],
52 silly audit   '@types/babel__preset-env': [ '7.9.2' ],
52 silly audit   '@types/babel__template': [ '7.4.1' ],
52 silly audit   '@types/babel__traverse': [ '7.20.1' ],
52 silly audit   '@types/babel-code-frame': [ '6.20.5' ],
52 silly audit   '@types/babel-core': [ '6.25.7' ],
52 silly audit   '@types/babel-generator': [ '6.25.5' ],
52 silly audit   '@types/babel-plugin-macros': [ '3.1.0' ],
52 silly audit   '@types/babel-template': [ '6.25.2' ],
52 silly audit   '@types/babel-traverse': [ '6.25.7' ],
52 silly audit   '@types/babel-types': [ '7.0.11' ],
52 silly audit   '@types/babylon': [ '6.16.6' ],
52 silly audit   '@types/balanced-match': [ '1.0.2' ],
52 silly audit   '@types/big.js': [ '6.1.6' ],
52 silly audit   '@types/bluebird': [ '3.5.38' ],
52 silly audit   '@types/bn.js': [ '5.1.1' ],
52 silly audit   '@types/body-parser': [ '1.19.2' ],
52 silly audit   '@types/bonjour': [ '3.5.10' ],
52 silly audit   '@types/boolbase': [ '1.0.1' ],
52 silly audit   '@types/brace-expansion': [ '1.1.0' ],
52 silly audit   '@types/braces': [ '3.0.1' ],
52 silly audit   '@types/brorand': [ '1.0.30' ],
52 silly audit   '@types/browser-resolve': [ '2.0.1' ],
52 silly audit   '@types/bser': [ '2.0.1' ],
52 silly audit   '@types/buffer-from': [ '1.1.0' ],
52 silly audit   '@types/buffer-xor': [ '2.0.0' ],
52 silly audit   '@types/bytes': [ '3.1.1' ],
52 silly audit   '@types/cacache': [ '15.0.1' ],
52 silly audit   '@types/call-bind': [ '1.0.2' ],
52 silly audit   '@types/caniuse-api': [ '3.0.2' ],
52 silly audit   '@types/caniuse-lite': [ '1.0.1' ],
52 silly audit   '@types/case-sensitive-paths-webpack-plugin': [ '2.1.6' ],
52 silly audit   '@types/tapable': [ '1.0.8', '2.2.3' ],
52 silly audit   '@types/webpack': [ '4.41.33', '5.28.1' ],
52 silly audit   '@types/caseless': [ '0.12.2' ],
52 silly audit   '@types/chardet': [ '0.8.1' ],
52 silly audit   '@types/check-types': [ '7.3.4' ],
52 silly audit   '@types/chownr': [ '1.0.0' ],
52 silly audit   '@types/cipher-base': [ '1.0.1' ],
52 silly audit   '@types/clean-css': [ '4.2.6' ],
52 silly audit   '@types/clone-deep': [ '4.0.1' ],
52 silly audit   '@types/co': [ '4.6.3' ],
52 silly audit   '@types/color': [ '3.0.3' ],
52 silly audit   '@types/color-convert': [ '2.0.0' ],
52 silly audit   '@types/color-name': [ '1.1.1' ],
52 silly audit   '@types/color-string': [ '1.5.2' ],
52 silly audit   '@types/combined-stream': [ '1.0.3' ],
52 silly audit   '@types/common-tags': [ '1.8.1' ],
52 silly audit   '@types/commondir': [ '1.0.0' ],
52 silly audit   '@types/component-emitter': [ '1.2.11' ],
52 silly audit   '@types/compressible': [ '2.0.0' ],
52 silly audit   '@types/compression': [ '1.7.2' ],
52 silly audit   '@types/concat-map': [ '0.0.1' ],
52 silly audit   '@types/concat-stream': [ '2.0.0' ],
52 silly audit   '@types/confusing-browser-globals': [ '1.0.0' ],
52 silly audit   '@types/connect': [ '3.4.35' ],
52 silly audit   '@types/connect-history-api-fallback': [ '1.5.0' ],
52 silly audit   '@types/contains-path': [ '1.0.1' ],
52 silly audit   '@types/content-disposition': [ '0.5.5' ],
52 silly audit   '@types/content-type': [ '1.1.5' ],
52 silly audit   '@types/convert-source-map': [ '2.0.0' ],
52 silly audit   '@types/cookie': [ '0.5.1' ],
52 silly audit   '@types/cookie-signature': [ '1.1.0' ],
52 silly audit   '@types/core-js': [ '2.5.5' ],
52 silly audit   '@types/create-hash': [ '1.2.2' ],
52 silly audit   '@types/create-hmac': [ '1.1.0' ],
52 silly audit   '@types/cross-spawn': [ '6.0.2' ],
52 silly audit   '@types/css-declaration-sorter': [ '6.0.1' ],
52 silly audit   '@types/css-selector-tokenizer': [ '0.7.1' ],
52 silly audit   '@types/css-tree': [ '2.3.1' ],
52 silly audit   '@types/css.escape': [ '1.5.0' ],
52 silly audit   '@types/cssesc': [ '3.0.0' ],
52 silly audit   '@types/csso': [ '5.0.0' ],
52 silly audit   '@types/cssom': [ '0.4.1' ],
52 silly audit   '@types/cssstyle': [ '2.2.1' ],
52 silly audit   '@types/damerau-levenshtein': [ '1.0.0' ],
52 silly audit   '@types/dashdash': [ '1.14.1' ],
52 silly audit   '@types/data-urls': [ '3.0.1' ],
52 silly audit   '@types/debug': [ '4.1.8' ],
52 silly audit   '@types/decode-uri-component': [ '0.2.0' ],
52 silly audit   '@types/deep-equal': [ '1.0.1' ],
52 silly audit   '@types/default-gateway': [ '3.0.1' ],
52 silly audit   '@types/define-properties': [ '1.1.3' ],
52 silly audit   '@types/depd': [ '1.1.32' ],
52 silly audit   '@types/destroy': [ '1.0.0' ],
52 silly audit   '@types/detect-node': [ '2.0.0' ],
52 silly audit   '@types/diff': [ '5.0.3' ],
52 silly audit   '@types/diffie-hellman': [ '5.0.0' ],
52 silly audit   '@types/dir-glob': [ '2.0.1' ],
52 silly audit   '@types/dns-packet': [ '5.2.4' ],
52 silly audit   '@types/dns-txt': [ '2.0.0' ],
52 silly audit   '@types/doctrine': [ '0.0.5' ],
52 silly audit   '@types/domexception': [ '4.0.0' ],
52 silly audit   '@types/duplexify': [ '3.6.1' ],
52 silly audit   '@types/ee-first': [ '1.1.0' ],
52 silly audit   '@types/elliptic': [ '6.4.14' ],
52 silly audit   '@types/encodeurl': [ '1.0.0' ],
52 silly audit   '@types/end-of-stream': [ '1.4.1' ],
52 silly audit   '@types/es-abstract': [ '1.17.3' ],
52 silly audit   '@types/es-get-iterator': [ '1.1.0' ],
52 silly audit   '@types/es-to-primitive': [ '1.2.4' ],
52 silly audit   '@types/escape-html': [ '1.0.2' ],
52 silly audit   '@types/escodegen': [ '0.0.7' ],
52 silly audit   '@types/eslint': [ '8.40.1' ],
52 silly audit   '@types/eslint-scope': [ '3.7.4' ],
52 silly audit   '@types/eslint-utils': [ '3.0.2' ],
52 silly audit   '@types/esprima': [ '4.0.3' ],
52 silly audit   '@types/esquery': [ '1.5.0' ],
52 silly audit   '@types/estraverse': [ '5.1.2' ],
52 silly audit   '@types/esutils': [ '2.0.0' ],
52 silly audit   '@types/etag': [ '1.8.1' ],
52 silly audit   '@types/events': [ '3.0.0' ],
52 silly audit   '@types/eventsource': [ '1.1.11' ],
52 silly audit   '@types/exit': [ '0.1.31' ],
52 silly audit   '@types/express': [ '4.17.17' ],
52 silly audit   '@types/express-serve-static-core': [ '4.17.35' ],
52 silly audit   '@types/extend': [ '3.0.1' ],
52 silly audit   '@types/extsprintf': [ '1.4.2' ],
52 silly audit   '@types/fast-levenshtein': [ '0.0.2' ],
52 silly audit   '@types/fb-watchman': [ '2.0.1' ],
52 silly audit   '@types/file-entry-cache': [ '5.0.2' ],
52 silly audit   '@types/file-loader': [ '5.0.1' ],
52 silly audit   '@types/fill-range': [ '7.0.0' ],
52 silly audit   '@types/finalhandler': [ '1.2.0' ],
52 silly audit   '@types/find-cache-dir': [ '3.2.1' ],
52 silly audit   '@types/find-root': [ '1.1.2' ],
52 silly audit   '@types/flat-cache': [ '2.0.0' ],
52 silly audit   '@types/flush-write-stream': [ '1.0.0' ],
52 silly audit   '@types/follow-redirects': [ '1.14.1' ],
52 silly audit   '@types/forever-agent': [ '0.6.1' ],
52 silly audit   '@types/forwarded': [ '0.1.0' ],
52 silly audit   '@types/fresh': [ '0.5.0' ],
52 silly audit   '@types/from2': [ '2.3.2' ],
52 silly audit   '@types/fs-extra': [ '11.0.1' ],
52 silly audit   '@types/function-bind': [ '1.1.7' ],
52 silly audit   '@types/functional-red-black-tree': [ '1.0.2' ],
52 silly audit   '@types/gensync': [ '1.0.0' ],
52 silly audit   '@types/get-intrinsic': [ '1.2.0' ],
52 silly audit   '@types/get-value': [ '3.0.3' ],
52 silly audit   '@types/getpass': [ '0.1.1' ],
52 silly audit   '@types/gh-pages': [ '3.2.1' ],
52 silly audit   '@types/glob-base': [ '0.3.0' ],
52 silly audit   '@types/glob-parent': [ '5.1.1' ],
52 silly audit   '@types/glob-to-regexp': [ '0.4.1' ],
52 silly audit   '@types/global-modules': [ '2.0.0' ],
52 silly audit   '@types/global-prefix': [ '3.0.0' ],
52 silly audit   '@types/globalthis': [ '1.0.1' ],
52 silly audit   '@types/gopd': [ '1.0.0' ],
52 silly audit   '@types/graceful-fs': [ '4.1.6' ],
52 silly audit   '@types/has': [ '1.0.0' ],
52 silly audit   '@types/has-ansi': [ '5.0.0' ],
52 silly audit   '@types/has-bigints': [ '1.0.0' ],
52 silly audit   '@types/has-symbols': [ '1.0.0' ],
52 silly audit   '@types/has-values': [ '2.0.0' ],
52 silly audit   '@types/he': [ '1.2.0' ],
52 silly audit   '@types/hex-color-regex': [ '1.1.1' ],
52 silly audit   '@types/hoek': [ '4.1.4' ],
52 silly audit   '@types/hoist-non-react-statics': [ '3.3.1' ],
52 silly audit   '@types/hosted-git-info': [ '3.0.2' ],
52 silly audit   '@types/html-encoding-sniffer': [ '3.0.0' ],
52 silly audit   '@types/html-minifier': [ '4.0.2' ],
52 silly audit   '@types/html-webpack-plugin': [ '3.2.6' ],
52 silly audit   '@types/http-errors': [ '2.0.1' ],
52 silly audit   '@types/http-proxy': [ '1.17.11' ],
52 silly audit   '@types/icss-utils': [ '5.1.0' ],
52 silly audit   '@types/iferr': [ '1.0.2' ],
52 silly audit   '@types/import-local': [ '3.1.0' ],
52 silly audit   '@types/imurmurhash': [ '0.1.1' ],
52 silly audit   '@types/inherits': [ '0.0.30' ],
52 silly audit   '@types/ini': [ '1.3.31' ],
52 silly audit   '@types/inquirer': [ '9.0.3' ],
52 silly audit   '@types/internal-slot': [ '1.0.1' ],
52 silly audit   '@types/invariant': [ '2.2.35' ],
52 silly audit   '@types/ip': [ '1.1.0' ],
52 silly audit   '@types/is-arguments': [ '1.0.0' ],
52 silly audit   '@types/is-bigint': [ '1.0.0' ],
52 silly audit   '@types/is-boolean-object': [ '1.1.0' ],
52 silly audit   '@types/is-buffer': [ '2.0.0' ],
52 silly audit   '@types/is-callable': [ '1.1.0' ],
52 silly audit   '@types/is-ci': [ '3.0.0' ],
52 silly audit   '@types/is-core-module': [ '2.2.0' ],
52 silly audit   '@types/is-data-descriptor': [ '1.0.0' ],
52 silly audit   '@types/is-date-object': [ '1.0.2' ],
52 silly audit   '@types/is-dotfile': [ '2.0.0' ],
52 silly audit   '@types/is-finite': [ '1.0.0' ],
52 silly audit   '@types/is-glob': [ '4.0.2' ],
52 silly audit   '@types/is-map': [ '2.0.0' ],
52 silly audit   '@types/is-number': [ '7.0.3' ],
52 silly audit   '@types/is-regex': [ '1.0.0' ],
52 silly audit   '@types/is-string': [ '1.0.0' ],
52 silly audit   '@types/is-symbol': [ '1.0.0' ],
52 silly audit   '@types/is-typedarray': [ '1.0.0' ],
52 silly audit   '@types/is-utf8': [ '0.2.1' ],
52 silly audit   '@types/is-windows': [ '1.0.0' ],
52 silly audit   '@types/isarray': [ '2.0.0' ],
52 silly audit   '@types/isexe': [ '2.0.1' ],
52 silly audit   '@types/isstream': [ '0.1.0' ],
52 silly audit   '@types/istanbul-lib-coverage': [ '2.0.4' ],
52 silly audit   '@types/istanbul-lib-hook': [ '2.0.1' ],
52 silly audit   '@types/istanbul-lib-instrument': [ '1.7.4' ],
52 silly audit   '@types/istanbul-lib-report': [ '3.0.0' ],
52 silly audit   '@types/istanbul-lib-source-maps': [ '4.0.1' ],
52 silly audit   '@types/istanbul-reports': [ '3.0.1' ],
52 silly audit   '@types/jest': [ '29.5.2' ],
52 silly audit   '@types/js-levenshtein': [ '1.1.1' ],
52 silly audit   '@types/js-yaml': [ '4.0.5' ],
52 silly audit   '@types/jsbn': [ '1.2.30' ],
52 silly audit   '@types/jsdom': [ '21.1.1' ],
52 silly audit   '@types/jsesc': [ '3.0.1' ],
52 silly audit   '@types/json-parse-better-errors': [ '1.0.0' ],
52 silly audit   '@types/json-schema': [ '7.0.12' ],
52 silly audit   '@types/json-stable-stringify': [ '1.0.34' ],
52 silly audit   '@types/json-stable-stringify-without-jsonify': [ '1.0.0' ],
52 silly audit   '@types/json-stringify-safe': [ '5.0.0' ],
52 silly audit   '@types/json3': [ '3.3.2' ],
52 silly audit   '@types/jsonfile': [ '6.1.1' ],
52 silly audit   '@types/kind-of': [ '6.0.0' ],
52 silly audit   '@types/loader-runner': [ '2.2.4' ],
52 silly audit   '@types/loader-utils': [ '2.0.3' ],
52 silly audit   '@types/lodash': [ '4.14.195' ],
52 silly audit   '@types/lodash.camelcase': [ '4.3.7' ],
52 silly audit   '@types/lodash.debounce': [ '4.0.7' ],
52 silly audit   '@types/lodash.memoize': [ '4.1.7' ],
52 silly audit   '@types/lodash.sortby': [ '4.7.7' ],
52 silly audit   '@types/lodash.tail': [ '4.1.7' ],
52 silly audit   '@types/lodash.template': [ '4.5.1' ],
52 silly audit   '@types/lodash.throttle': [ '4.1.7' ],
52 silly audit   '@types/lodash.uniq': [ '4.5.7' ],
52 silly audit   '@types/math-random': [ '1.0.0' ],
52 silly audit   '@types/media-typer': [ '1.1.1' ],
52 silly audit   '@types/memory-fs': [ '0.3.3' ],
52 silly audit   '@types/merge-deep': [ '3.0.0' ],
52 silly audit   '@types/merge-descriptors': [ '1.0.1' ],
52 silly audit   '@types/merge-stream': [ '1.1.2' ],
52 silly audit   '@types/merge2': [ '1.4.1' ],
52 silly audit   '@types/methods': [ '1.1.1' ],
52 silly audit   '@types/micromatch': [ '4.0.2' ],
52 silly audit   '@types/mime': [ '3.0.1', '1.3.2' ],
52 silly audit   '@types/mime-db': [ '1.43.1' ],
52 silly audit   '@types/mime-types': [ '2.1.1' ],
52 silly audit   '@types/min-indent': [ '1.0.0' ],
52 silly audit   '@types/mina': [ '0.4.2' ],
52 silly audit   '@types/minimalistic-assert': [ '1.0.1' ],
52 silly audit   '@types/minimist': [ '1.2.2' ],
52 silly audit   '@types/move-concurrently': [ '1.0.4' ],
52 silly audit   '@types/ms': [ '0.7.31' ],
52 silly audit   '@types/multicast-dns': [ '7.2.1' ],
52 silly audit   '@types/mute-stream': [ '0.0.1' ],
52 silly audit   '@types/natural-compare': [ '1.4.1' ],
52 silly audit   '@types/negotiator': [ '0.6.1' ],
52 silly audit   '@types/neo-async': [ '2.6.0' ],
52 silly audit   '@types/nice-try': [ '2.1.0' ],
52 silly audit   '@types/node': [ '20.3.0' ],
52 silly audit   '@types/node-forge': [ '1.3.2' ],
52 silly audit   '@types/node-int64': [ '0.4.29' ],
52 silly audit   '@types/node-notifier': [ '8.0.2' ],
52 silly audit   '@types/node-sass': [ '4.11.3' ],
52 silly audit   '@types/normalize-package-data': [ '2.4.1' ],
52 silly audit   '@types/normalize-path': [ '3.0.0' ],
52 silly audit   '@types/num2fraction': [ '1.2.0' ],
52 silly audit   '@types/number-is-nan': [ '2.0.0' ],
52 silly audit   '@types/nwsapi': [ '2.2.3' ],
52 silly audit   '@types/object-assign': [ '4.0.30' ],
52 silly audit   '@types/object-hash': [ '3.0.2' ],
52 silly audit   '@types/object-inspect': [ '1.8.1' ],
52 silly audit   '@types/object-keys': [ '1.0.1' ],
52 silly audit   '@types/object.getownpropertydescriptors': [ '2.1.1' ],
52 silly audit   '@types/object.omit': [ '3.0.0' ],
52 silly audit   '@types/object.pick': [ '1.3.2' ],
52 silly audit   '@types/on-finished': [ '2.3.1' ],
52 silly audit   '@types/on-headers': [ '1.0.0' ],
52 silly audit   '@types/once': [ '1.4.0' ],
52 silly audit   '@types/optimize-css-assets-webpack-plugin': [ '5.0.5' ],
52 silly audit   '@types/os-homedir': [ '1.0.0' ],
52 silly audit   '@types/os-tmpdir': [ '1.0.0' ],
52 silly audit   '@types/pako': [ '2.0.0' ],
52 silly audit   '@types/parallel-transform': [ '1.1.1' ],
52 silly audit   '@types/parse-glob': [ '3.0.29' ],
52 silly audit   '@types/parse-json': [ '4.0.0' ],
52 silly audit   '@types/parseurl': [ '1.3.1' ],
52 silly audit   '@types/pascalcase': [ '1.0.1' ],
52 silly audit   '@types/path-browserify': [ '1.0.0' ],
52 silly audit   '@types/path-is-absolute': [ '1.0.0' ],
52 silly audit   '@types/path-is-inside': [ '1.0.0' ],
52 silly audit   '@types/path-parse': [ '1.0.19' ],
52 silly audit   '@types/pbkdf2': [ '3.1.0' ],
52 silly audit   '@types/picomatch': [ '2.3.0' ],
52 silly audit   '@types/pify': [ '5.0.1' ],
52 silly audit   '@types/pluralize': [ '0.0.29' ],
52 silly audit   '@types/postcss-flexbugs-fixes': [ '5.0.0' ],
52 silly audit   '@types/postcss-gap-properties': [ '2.0.1' ],
52 silly audit   picocolors: [ '0.2.1', '1.0.0' ],
52 silly audit   postcss: [ '7.0.39', '8.4.24' ],
52 silly audit   '@types/postcss-modules-extract-imports': [ '3.0.2' ],
52 silly audit   '@types/postcss-modules-local-by-default': [ '4.0.0' ],
52 silly audit   '@types/postcss-modules-scope': [ '3.0.1' ],
52 silly audit   '@types/postcss-modules-values': [ '4.0.0' ],
52 silly audit   '@types/postcss-safe-parser': [ '5.0.1' ],
52 silly audit   '@types/prelude-ls': [ '1.1.29' ],
52 silly audit   '@types/prettier': [ '2.7.3' ],
52 silly audit   '@types/progress': [ '2.0.5' ],
52 silly audit   '@types/promise-inflight': [ '1.0.0' ],
52 silly audit   '@types/prompts': [ '2.4.4' ],
52 silly audit   '@types/prop-types': [ '15.7.5' ],
52 silly audit   '@types/proxy-addr': [ '2.0.0' ],
52 silly audit   '@types/psl': [ '1.1.0' ],
52 silly audit   '@types/pump': [ '1.1.1' ],
52 silly audit   '@types/pumpify': [ '1.4.1' ],
52 silly audit   '@types/punycode': [ '2.1.0' ],
52 silly audit   '@types/q': [ '1.5.5' ],
52 silly audit   '@types/qs': [ '6.9.7' ],
52 silly audit   '@types/querystringify': [ '2.0.0' ],
52 silly audit   '@types/raf': [ '3.4.0' ],
52 silly audit   '@types/randomatic': [ '3.1.3' ],
52 silly audit   '@types/randombytes': [ '2.0.0' ],
52 silly audit   '@types/range-parser': [ '1.2.4' ],
52 silly audit   '@types/react': [ '18.2.11' ],
52 silly audit   '@types/react-burger-menu': [ '2.8.3' ],
52 silly audit   '@types/react-dev-utils': [ '9.0.11' ],
52 silly audit   '@types/react-dom': [ '18.2.4' ],
52 silly audit   '@types/react-is': [ '18.2.0' ],
52 silly audit   '@types/react-scroll': [ '1.8.7' ],
52 silly audit   '@types/readable-stream': [ '2.3.15' ],
52 silly audit   '@types/recursive-readdir': [ '2.2.1' ],
52 silly audit   '@types/regenerate': [ '1.4.1' ],
52 silly audit   '@types/regenerator-runtime': [ '0.13.1' ],
52 silly audit   '@types/regex-not': [ '1.0.0' ],
52 silly audit   '@types/relateurl': [ '0.2.29' ],
52 silly audit   '@types/repeat-element': [ '1.1.1' ],
52 silly audit   '@types/repeat-string': [ '1.6.3' ],
52 silly audit   '@types/repeating': [ '3.0.0' ],
52 silly audit   '@types/request': [ '2.48.8' ],
52 silly audit   '@types/request-promise-native': [ '1.0.18' ],
52 silly audit   '@types/require-directory': [ '2.1.2' ],
52 silly audit   '@types/requires-port': [ '1.0.0' ],
52 silly audit   '@types/ripemd160': [ '2.0.0' ],
52 silly audit   '@types/rsvp': [ '4.0.4' ],
52 silly audit   '@types/safe-regex': [ '1.1.4' ],
52 silly audit   '@types/safe-regex-test': [ '1.0.0' ],
52 silly audit   '@types/safer-buffer': [ '2.1.0' ],
52 silly audit   '@types/sane': [ '2.0.1' ],
52 silly audit   '@types/sass-loader': [ '8.0.5' ],
52 silly audit   '@types/sax': [ '1.2.4' ],
52 silly audit   '@types/scheduler': [ '0.16.3' ],
52 silly audit   '@types/selfsigned': [ '2.0.1' ],
52 silly audit   '@types/semver': [ '7.5.0' ],
52 silly audit   '@types/send': [ '0.17.1' ],
52 silly audit   '@types/serialize-javascript': [ '5.0.2' ],
52 silly audit   '@types/serve-index': [ '1.9.1' ],
52 silly audit   '@types/serve-static': [ '1.15.1' ],
52 silly audit   '@types/set-blocking': [ '2.0.0' ],
52 silly audit   '@types/set-value': [ '4.0.1' ],
52 silly audit   '@types/setimmediate': [ '1.0.2' ],
52 silly audit   '@types/sha.js': [ '2.4.0' ],
52 silly audit   '@types/shallow-clone': [ '3.0.0' ],
52 silly audit   '@types/shebang-command': [ '1.2.0' ],
52 silly audit   '@types/shell-quote': [ '1.7.1' ],
52 silly audit   '@types/signal-exit': [ '3.0.1' ],
52 silly audit   '@types/simple-swizzle': [ '0.2.0' ],
52 silly audit   '@types/slice-ansi': [ '5.0.0' ],
52 silly audit   '@types/snapsvg': [ '0.5.3' ],
52 silly audit   '@types/sockjs': [ '0.3.33' ],
52 silly audit   '@types/sockjs-client': [ '1.5.1' ],
52 silly audit   '@types/source-list-map': [ '0.1.2' ],
52 silly audit   '@types/source-map-support': [ '0.5.6' ],
52 silly audit   '@types/spdx-correct': [ '3.1.0' ],
52 silly audit   '@types/spdx-expression-parse': [ '3.0.2' ],
52 silly audit   '@types/spdy': [ '3.4.5' ],
52 silly audit   '@types/sprintf-js': [ '1.1.2' ],
52 silly audit   '@types/sshpk': [ '1.17.1' ],
52 silly audit   '@types/ssri': [ '7.1.1' ],
52 silly audit   '@types/stack-utils': [ '2.0.1' ],
52 silly audit   '@types/statuses': [ '2.0.1' ],
52 silly audit   '@types/stream-each': [ '1.2.0' ],
52 silly audit   '@types/stream-shift': [ '1.0.0' ],
52 silly audit   '@types/stringify-object': [ '4.0.2' ],
52 silly audit   '@types/strip-comments': [ '2.0.1' ],
52 silly audit   '@types/stylis': [ '4.2.0' ],
52 silly audit   '@types/supports-color': [ '8.1.1' ],
52 silly audit   '@types/symbol-tree': [ '3.2.2' ],
52 silly audit   '@types/test-exclude': [ '6.0.0' ],
52 silly audit   '@types/testing-library__jest-dom': [ '5.14.6' ],
52 silly audit   '@types/text-table': [ '0.2.2' ],
52 silly audit   '@types/through': [ '0.0.30' ],
52 silly audit   '@types/through2': [ '2.0.38' ],
52 silly audit   '@types/thunky': [ '1.1.0' ],
52 silly audit   '@types/timsort': [ '0.3.0' ],
52 silly audit   '@types/tmp': [ '0.2.3' ],
52 silly audit   '@types/tmpl': [ '1.0.0' ],
52 silly audit   '@types/to-regex': [ '3.0.0' ],
52 silly audit   '@types/to-regex-range': [ '5.0.0' ],
52 silly audit   '@types/toidentifier': [ '1.0.0' ],
52 silly audit   '@types/topo': [ '3.0.1' ],
52 silly audit   '@types/tough-cookie': [ '4.0.2' ],
52 silly audit   '@types/tr46': [ '3.0.0' ],
52 silly audit   '@types/trusted-types': [ '2.0.3' ],
52 silly audit   '@types/tryer': [ '1.0.2' ],
52 silly audit   '@types/type-check': [ '0.3.27' ],
52 silly audit   '@types/type-is': [ '1.6.3' ],
52 silly audit   '@types/uglify-es': [ '3.0.0' ],
52 silly audit   '@types/uglify-js': [ '3.17.1' ],
52 silly audit   '@types/uglifyjs-webpack-plugin': [ '1.1.2' ],
52 silly audit   '@types/unbox-primitive': [ '1.0.0' ],
52 silly audit   '@types/uniq': [ '0.0.27' ],
52 silly audit   '@types/universalify': [ '1.0.0' ],
52 silly audit   '@types/urix': [ '0.1.0' ],
52 silly audit   '@types/url-parse': [ '1.4.8' ],
52 silly audit   '@types/util-deprecate': [ '1.0.0' ],
52 silly audit   '@types/util.promisify': [ '1.0.4' ],
52 silly audit   '@types/utils-merge': [ '0.0.28' ],
52 silly audit   '@types/uuid': [ '9.0.2' ],
52 silly audit   '@types/validate-npm-package-license': [ '3.0.1' ],
52 silly audit   '@types/vary': [ '1.1.0' ],
52 silly audit   '@types/verror': [ '1.10.6' ],
52 silly audit   '@types/w3c-hr-time': [ '1.0.0' ],
52 silly audit   '@types/w3c-xmlserializer': [ '2.0.2' ],
52 silly audit   '@types/watch': [ '1.0.3' ],
52 silly audit   '@types/watchpack': [ '2.4.1' ],
52 silly audit   '@types/webidl-conversions': [ '7.0.0' ],
52 silly audit   '@types/webpack-dev-server': [ '3.11.6' ],
52 silly audit   '@types/webpack-manifest-plugin': [ '3.0.5' ],
52 silly audit   '@types/webpack-sources': [ '3.2.0' ],
52 silly audit   'source-map': [ '0.7.4', '0.6.1', '0.8.0-beta.0' ],
52 silly audit   '@types/whatwg-encoding': [ '2.0.0' ],
52 silly audit   '@types/whatwg-mimetype': [ '3.0.0' ],
52 silly audit   '@types/whatwg-url': [ '11.0.0' ],
52 silly audit   '@types/which': [ '3.0.0' ],
52 silly audit   '@types/which-boxed-primitive': [ '1.0.0' ],
52 silly audit   '@types/wordwrap': [ '1.0.1' ],
52 silly audit   '@types/workbox-background-sync': [ '4.3.2' ],
52 silly audit   '@types/workbox-broadcast-update': [ '4.3.1' ],
52 silly audit   '@types/workbox-build': [ '5.1.0' ],
52 silly audit   '@types/workbox-cacheable-response': [ '4.3.1' ],
52 silly audit   '@types/workbox-core': [ '4.3.1' ],
52 silly audit   '@types/workbox-expiration': [ '4.3.1' ],
52 silly audit   '@types/workbox-google-analytics': [ '4.3.1' ],
52 silly audit   '@types/workbox-navigation-preload': [ '4.3.0' ],
52 silly audit   '@types/workbox-precaching': [ '4.3.1' ],
52 silly audit   '@types/workbox-range-requests': [ '4.3.0' ],
52 silly audit   '@types/workbox-routing': [ '4.3.1' ],
52 silly audit   '@types/workbox-strategies': [ '4.3.1' ],
52 silly audit   '@types/workbox-streams': [ '4.3.0' ],
52 silly audit   '@types/workbox-sw': [ '4.3.3' ],
52 silly audit   '@types/wrap-ansi': [ '8.0.1' ],
52 silly audit   '@types/write': [ '2.0.1' ],
52 silly audit   '@types/write-file-atomic': [ '4.0.0' ],
52 silly audit   '@types/ws': [ '8.5.5' ],
52 silly audit   '@types/xml-name-validator': [ '4.0.1' ],
52 silly audit   '@types/xtend': [ '4.0.4' ],
52 silly audit   '@types/yallist': [ '4.0.1' ],
52 silly audit   '@types/yargs': [ '17.0.24' ],
52 silly audit   '@types/yargs-parser': [ '21.0.0' ],
52 silly audit   '@webassemblyjs/ast': [ '1.11.6' ],
52 silly audit   '@webassemblyjs/floating-point-hex-parser': [ '1.11.6' ],
52 silly audit   '@webassemblyjs/helper-api-error': [ '1.11.6' ],
52 silly audit   '@webassemblyjs/helper-buffer': [ '1.11.6' ],
52 silly audit   '@webassemblyjs/helper-numbers': [ '1.11.6' ],
52 silly audit   '@webassemblyjs/helper-wasm-bytecode': [ '1.11.6' ],
52 silly audit   '@webassemblyjs/helper-wasm-section': [ '1.11.6' ],
52 silly audit   '@webassemblyjs/ieee754': [ '1.11.6' ],
52 silly audit   '@webassemblyjs/leb128': [ '1.11.6' ],
52 silly audit   '@webassemblyjs/utf8': [ '1.11.6' ],
52 silly audit   '@webassemblyjs/wasm-edit': [ '1.11.6' ],
52 silly audit   '@webassemblyjs/wasm-gen': [ '1.11.6' ],
52 silly audit   '@webassemblyjs/wasm-opt': [ '1.11.6' ],
52 silly audit   '@webassemblyjs/wasm-parser': [ '1.11.6' ],
52 silly audit   '@webassemblyjs/wast-printer': [ '1.11.6' ],
52 silly audit   '@xtuc/ieee754': [ '1.2.0' ],
52 silly audit   '@xtuc/long': [ '4.2.2' ],
52 silly audit   acorn: [ '8.8.2' ],
52 silly audit   'acorn-import-assertions': [ '1.9.0' ],
52 silly audit   ajv: [ '6.12.6', '8.12.0' ],
52 silly audit   'ajv-keywords': [ '3.5.2' ],
52 silly audit   anymatch: [ '3.1.3' ],
52 silly audit   'array-buffer-byte-length': [ '1.0.0' ],
52 silly audit   async: [ '3.2.4' ],
52 silly audit   asynckit: [ '0.4.0' ],
52 silly audit   'at-least-node': [ '1.0.0' ],
52 silly audit   'available-typed-arrays': [ '1.0.5' ],
52 silly audit   'babel-plugin-polyfill-corejs2': [ '0.4.3' ],
52 silly audit   'babel-plugin-polyfill-corejs3': [ '0.8.1' ],
52 silly audit   'babel-plugin-polyfill-regenerator': [ '0.5.0' ],
52 silly audit   'balanced-match': [ '1.0.2' ],
52 silly audit   'binary-extensions': [ '2.2.0' ],
52 silly audit   'brace-expansion': [ '1.1.11', '2.0.1' ],
52 silly audit   braces: [ '3.0.2' ],
52 silly audit   browserslist: [ '4.21.7' ],
52 silly audit   'buffer-from': [ '1.1.2' ],
52 silly audit   'builtin-modules': [ '3.3.0' ],
52 silly audit   'call-bind': [ '1.0.2' ],
52 silly audit   'caniuse-lite': [ '1.0.30001499' ],
52 silly audit   chokidar: [ '3.5.3' ],
52 silly audit   'chrome-trace-event': [ '1.0.3' ],
52 silly audit   'ci-info': [ '3.8.0' ],
52 silly audit   'combined-stream': [ '1.0.8' ],
52 silly audit   commander: [ '2.20.3' ],
52 silly audit   'common-tags': [ '1.8.2' ],
52 silly audit   'concat-map': [ '0.0.1' ],
52 silly audit   'convert-source-map': [ '1.9.0' ],
52 silly audit   'core-js-compat': [ '3.31.0' ],
52 silly audit   'crypto-random-string': [ '2.0.0' ],
52 silly audit   csstype: [ '3.1.2' ],
52 silly audit   debug: [ '4.3.4' ],
52 silly audit   deepmerge: [ '4.3.1' ],
52 silly audit   'define-properties': [ '1.2.0' ],
52 silly audit   'delayed-stream': [ '1.0.0' ],
52 silly audit   'diff-sequences': [ '29.4.3' ],
52 silly audit   ejs: [ '3.1.9' ],
52 silly audit   'electron-to-chromium': [ '1.4.427' ],
52 silly audit   'enhanced-resolve': [ '5.14.1' ],
52 silly audit   entities: [ '4.5.0' ],
52 silly audit   'es-abstract': [ '1.21.2' ],
52 silly audit   'es-module-lexer': [ '1.3.0' ],
52 silly audit   'es-set-tostringtag': [ '2.0.1' ],
52 silly audit   'es-to-primitive': [ '1.2.1' ],
52 silly audit   escalade: [ '3.1.1' ],
52 silly audit   'eslint-scope': [ '5.1.1' ],
52 silly audit   esrecurse: [ '4.3.0' ],
52 silly audit   estraverse: [ '5.3.0', '4.3.0' ],
52 silly audit   'estree-walker': [ '1.0.1' ],
52 silly audit   esutils: [ '2.0.3' ],
52 silly audit   eventemitter3: [ '4.0.7' ],
52 silly audit   events: [ '3.3.0' ],
52 silly audit   expect: [ '29.5.0' ],
52 silly audit   'fast-deep-equal': [ '3.1.3' ],
52 silly audit   'fast-json-stable-stringify': [ '2.1.0' ],
52 silly audit   filelist: [ '1.0.4' ],
52 silly audit   minimatch: [ '5.1.6', '3.1.2' ],
52 silly audit   'fill-range': [ '7.0.1' ],
52 silly audit   'follow-redirects': [ '1.15.2' ],
52 silly audit   'for-each': [ '0.3.3' ],
52 silly audit   'form-data': [ '2.5.1' ],
52 silly audit   'fs-extra': [ '9.1.0' ],
52 silly audit   'fs.realpath': [ '1.0.0' ],
52 silly audit   fsevents: [ '2.3.2' ],
52 silly audit   'function-bind': [ '1.1.1' ],
52 silly audit   'function.prototype.name': [ '1.1.5' ],
52 silly audit   'functions-have-names': [ '1.2.3' ],
52 silly audit   gensync: [ '1.0.0-beta.2' ],
52 silly audit   'get-intrinsic': [ '1.2.1' ],
52 silly audit   'get-own-enumerable-property-symbols': [ '3.0.2' ],
52 silly audit   'get-symbol-description': [ '1.0.0' ],
52 silly audit   glob: [ '7.2.3' ],
52 silly audit   'glob-parent': [ '5.1.2' ],
52 silly audit   'glob-to-regexp': [ '0.4.1' ],
52 silly audit   globals: [ '11.12.0' ],
52 silly audit   globalthis: [ '1.0.3' ],
52 silly audit   gopd: [ '1.0.1' ],
52 silly audit   'graceful-fs': [ '4.2.11' ],
52 silly audit   has: [ '1.0.3' ],
52 silly audit   'has-bigints': [ '1.0.2' ],
52 silly audit   'has-property-descriptors': [ '1.0.0' ],
52 silly audit   'has-proto': [ '1.0.1' ],
52 silly audit   'has-symbols': [ '1.0.3' ],
52 silly audit   'has-tostringtag': [ '1.0.0' ],
52 silly audit   'hoist-non-react-statics': [ '3.3.2' ],
52 silly audit   'react-is': [ '16.13.1', '18.2.0' ],
52 silly audit   'http-proxy': [ '1.18.1' ],
52 silly audit   'http-proxy-middleware': [ '1.3.1' ],
52 silly audit   idb: [ '7.1.1' ],
52 silly audit   immutable: [ '4.3.0' ],
52 silly audit   inflight: [ '1.0.6' ],
52 silly audit   inherits: [ '2.0.4' ],
52 silly audit   'internal-slot': [ '1.0.5' ],
52 silly audit   'is-array-buffer': [ '3.0.2' ],
52 silly audit   'is-bigint': [ '1.0.4' ],
52 silly audit   'is-binary-path': [ '2.1.0' ],
52 silly audit   'is-boolean-object': [ '1.1.2' ],
52 silly audit   'is-callable': [ '1.2.7' ],
52 silly audit   'is-core-module': [ '2.12.1' ],
52 silly audit   'is-date-object': [ '1.0.5' ],
52 silly audit   'is-extglob': [ '2.1.1' ],
52 silly audit   'is-glob': [ '4.0.3' ],
52 silly audit   'is-module': [ '1.0.0' ],
52 silly audit   'is-negative-zero': [ '2.0.2' ],
52 silly audit   'is-number': [ '7.0.0' ],
52 silly audit   'is-number-object': [ '1.0.7' ],
52 silly audit   'is-obj': [ '1.0.1' ],
52 silly audit   'is-plain-obj': [ '3.0.0' ],
52 silly audit   'is-regex': [ '1.1.4' ],
52 silly audit   'is-regexp': [ '1.0.0' ],
52 silly audit   'is-shared-array-buffer': [ '1.0.2' ],
52 silly audit   'is-stream': [ '2.0.1' ],
52 silly audit   'is-string': [ '1.0.7' ],
52 silly audit   'is-symbol': [ '1.0.4' ],
52 silly audit   'is-typed-array': [ '1.1.10' ],
52 silly audit   'is-weakref': [ '1.0.2' ],
52 silly audit   jake: [ '10.8.7' ],
52 silly audit   'jest-diff': [ '29.5.0' ],
52 silly audit   'jest-get-type': [ '29.4.3' ],
52 silly audit   'jest-matcher-utils': [ '29.5.0' ],
52 silly audit   'jest-message-util': [ '29.5.0' ],
52 silly audit   'jest-util': [ '29.5.0' ],
52 silly audit   'jest-worker': [ '27.5.1', '26.6.2' ],
52 silly audit   'js-tokens': [ '4.0.0' ],
52 silly audit   jsesc: [ '2.5.2', '0.5.0' ],
52 silly audit   'json-parse-even-better-errors': [ '2.3.1' ],
52 silly audit   'json-schema': [ '0.4.0' ],
52 silly audit   'json-schema-traverse': [ '0.4.1', '1.0.0' ],
52 silly audit   json5: [ '2.2.3' ],
52 silly audit   jsonfile: [ '6.1.0' ],
52 silly audit   jsonpointer: [ '5.0.1' ],
52 silly audit   kleur: [ '3.0.3' ],
52 silly audit   leven: [ '3.1.0' ],
52 silly audit   'loader-runner': [ '4.3.0' ],
52 silly audit   lodash: [ '4.17.21' ],
52 silly audit   'lodash.debounce': [ '4.0.8' ],
52 silly audit   'lodash.sortby': [ '4.7.0' ],
52 silly audit   'lru-cache': [ '5.1.1' ],
52 silly audit   'magic-string': [ '0.25.9' ],
52 silly audit   'merge-stream': [ '2.0.0' ],
52 silly audit   micromatch: [ '4.0.5' ],
52 silly audit   'mime-db': [ '1.52.0' ],
52 silly audit   'mime-types': [ '2.1.35' ],
52 silly audit   ms: [ '2.1.2' ],
52 silly audit   nanoid: [ '3.3.6' ],
52 silly audit   'neo-async': [ '2.6.2' ],
52 silly audit   'node-releases': [ '2.0.12' ],
52 silly audit   'normalize-path': [ '3.0.0' ],
52 silly audit   'object-inspect': [ '1.12.3' ],
52 silly audit   'object-keys': [ '1.1.1' ],
52 silly audit   'object.assign': [ '4.1.4' ],
52 silly audit   once: [ '1.4.0' ],
52 silly audit   parse5: [ '7.1.2' ],
52 silly audit   'path-is-absolute': [ '1.0.1' ],
52 silly audit   'path-parse': [ '1.0.7' ],
52 silly audit   picomatch: [ '2.3.1' ],
52 silly audit   'pretty-bytes': [ '5.6.0' ],
52 silly audit   'pretty-format': [ '29.5.0' ],
52 silly audit   punycode: [ '2.3.0' ],
52 silly audit   randombytes: [ '2.1.0' ],
52 silly audit   readdirp: [ '3.6.0' ],
52 silly audit   regenerate: [ '1.4.2' ],
52 silly audit   'regenerate-unicode-properties': [ '10.1.0' ],
52 silly audit   'regenerator-runtime': [ '0.13.11' ],
52 silly audit   'regenerator-transform': [ '0.15.1' ],
52 silly audit   'regexp.prototype.flags': [ '1.5.0' ],
52 silly audit   'regexpu-core': [ '5.3.2' ],
52 silly audit   regjsparser: [ '0.9.1' ],
52 silly audit   'require-from-string': [ '2.0.2' ],
52 silly audit   'requires-port': [ '1.0.0' ],
52 silly audit   resolve: [ '1.22.2' ],
52 silly audit   rollup: [ '2.79.1' ],
52 silly audit   'rollup-plugin-terser': [ '7.0.2' ],
52 silly audit   'serialize-javascript': [ '4.0.0', '6.0.1' ],
52 silly audit   rxjs: [ '7.8.1' ],
52 silly audit   'safe-buffer': [ '5.1.2' ],
52 silly audit   'safe-regex-test': [ '1.0.0' ],
52 silly audit   sass: [ '1.63.3' ],
52 silly audit   'schema-utils': [ '3.2.0' ],
52 silly audit   semver: [ '6.3.0' ],
52 silly audit   'side-channel': [ '1.0.4' ],
52 silly audit   slash: [ '3.0.0' ],
52 silly audit   'source-map-js': [ '1.0.2' ],
52 silly audit   'source-map-support': [ '0.5.21' ],
52 silly audit   'sourcemap-codec': [ '1.4.8' ],
52 silly audit   'stack-utils': [ '2.0.6' ],
52 silly audit   'string.prototype.matchall': [ '4.0.8' ],
52 silly audit   'string.prototype.trim': [ '1.2.7' ],
52 silly audit   'string.prototype.trimend': [ '1.0.6' ],
52 silly audit   'string.prototype.trimstart': [ '1.0.6' ],
52 silly audit   'stringify-object': [ '3.3.0' ],
52 silly audit   'strip-comments': [ '2.0.1' ],
52 silly audit   'supports-preserve-symlinks-flag': [ '1.0.0' ],
52 silly audit   tapable: [ '2.2.1' ],
52 silly audit   'temp-dir': [ '2.0.0' ],
52 silly audit   tempy: [ '0.6.0' ],
52 silly audit   terser: [ '5.17.7' ],
52 silly audit   'terser-webpack-plugin': [ '5.3.9' ],
52 silly audit   'to-fast-properties': [ '2.0.0' ],
52 silly audit   'to-regex-range': [ '5.0.1' ],
52 silly audit   tr46: [ '1.0.1' ],
52 silly audit   tslib: [ '2.5.3' ],
52 silly audit   'type-fest': [ '0.16.0' ],
52 silly audit   'typed-array-length': [ '1.0.4' ],
52 silly audit   'unbox-primitive': [ '1.0.2' ],
52 silly audit   'unicode-canonical-property-names-ecmascript': [ '2.0.0' ],
52 silly audit   'unicode-match-property-ecmascript': [ '2.0.0' ],
52 silly audit   'unicode-match-property-value-ecmascript': [ '2.1.0' ],
52 silly audit   'unicode-property-aliases-ecmascript': [ '2.1.0' ],
52 silly audit   'unique-string': [ '2.0.0' ],
52 silly audit   universalify: [ '2.0.0' ],
52 silly audit   upath: [ '1.2.0' ],
52 silly audit   'update-browserslist-db': [ '1.0.11' ],
52 silly audit   'uri-js': [ '4.4.1' ],
52 silly audit   watchpack: [ '2.4.0' ],
52 silly audit   'webidl-conversions': [ '4.0.2' ],
52 silly audit   webpack: [ '5.86.0' ],
52 silly audit   'webpack-sources': [ '3.2.3' ],
52 silly audit   'whatwg-url': [ '7.1.0' ],
52 silly audit   'which-boxed-primitive': [ '1.0.2' ],
52 silly audit   'which-typed-array': [ '1.1.9' ],
52 silly audit   'workbox-background-sync': [ '7.0.0' ],
52 silly audit   'workbox-broadcast-update': [ '7.0.0' ],
52 silly audit   'workbox-build': [ '7.0.0' ],
52 silly audit   '@apideck/better-ajv-errors': [ '0.3.6' ],
52 silly audit   'workbox-cacheable-response': [ '7.0.0' ],
52 silly audit   'workbox-core': [ '7.0.0' ],
52 silly audit   'workbox-expiration': [ '7.0.0' ],
52 silly audit   'workbox-google-analytics': [ '7.0.0' ],
52 silly audit   'workbox-navigation-preload': [ '7.0.0' ],
52 silly audit   'workbox-precaching': [ '7.0.0' ],
52 silly audit   'workbox-range-requests': [ '7.0.0' ],
52 silly audit   'workbox-recipes': [ '7.0.0' ],
52 silly audit   'workbox-routing': [ '7.0.0' ],
52 silly audit   'workbox-strategies': [ '7.0.0' ],
52 silly audit   'workbox-streams': [ '7.0.0' ],
52 silly audit   'workbox-sw': [ '7.0.0' ],
52 silly audit   'workbox-window': [ '7.0.0' ],
52 silly audit   wrappy: [ '1.0.2' ],
52 silly audit   yallist: [ '3.1.1' ],
52 silly audit   'types-registry': [ '0.1.648' ]
52 silly audit }
53 verbose reify failed optional dependency C:\Users\ruiyo\AppData\Local\Microsoft\TypeScript\5.1\node_modules\fsevents
54 silly reify mark deleted [
54 silly reify   'C:\\Users\\ruiyo\\AppData\\Local\\Microsoft\\TypeScript\\5.1\\node_modules\\fsevents'
54 silly reify ]
55 timing reifyNode:node_modules/fsevents Completed in 3ms
56 timing reify:unpack Completed in 3ms
57 timing reify:unretire Completed in 0ms
58 timing build:queue Completed in 1ms
59 timing build:deps Completed in 1ms
60 timing build Completed in 2ms
61 timing reify:build Completed in 2ms
62 timing reify:trash Completed in 1ms
63 timing reify:save Completed in 189ms
64 http fetch POST 200 https://registry.npmjs.org/-/npm/v1/security/advisories/bulk 275ms
65 timing auditReport:getReport Completed in 286ms
66 silly audit report {}
67 timing auditReport:init Completed in 0ms
68 timing reify:audit Completed in 287ms
69 timing reify Completed in 1595ms
70 silly ADD
71 timing command:install Completed in 1602ms
72 verbose exit 0
73 timing npm Completed in 1651ms
74 info ok
